\BOOKMARK [1][-]{section*.2}{\376\377\000I\000n\000t\000r\000o\000d\000u\000c\000c\000i\000\363\000n}{}% 1
\BOOKMARK [1][-]{section*.3}{\376\377\000I\000d\000e\000n\000t\000i\000f\000i\000c\000a\000c\000i\000\363\000n\000\040\000d\000e\000\040\000N\000e\000c\000e\000s\000i\000d\000a\000d\000e\000s}{}% 2
\BOOKMARK [2][-]{section*.4}{\376\377\000M\000u\000n\000d\000o\000\040\000d\000e\000l\000\040\000P\000r\000o\000b\000l\000e\000m\000a}{section*.3}% 3
\BOOKMARK [2][-]{section*.5}{\376\377\000R\000e\000q\000u\000e\000r\000i\000m\000i\000e\000n\000t\000o\000s\000\040\000F\000u\000n\000c\000i\000o\000n\000a\000l\000e\000s}{section*.3}% 4
\BOOKMARK [2][-]{section*.13}{\376\377\000R\000e\000q\000u\000e\000r\000i\000m\000i\000e\000n\000t\000o\000s\000\040\000N\000o\000\040\000F\000u\000n\000c\000i\000o\000n\000a\000l\000e\000s}{section*.3}% 5
\BOOKMARK [2][-]{section*.25}{\376\377\000R\000e\000q\000u\000e\000r\000i\000m\000i\000e\000n\000t\000o\000s\000\040\000d\000e\000\040\000N\000i\000v\000e\000l\000\040\000d\000e\000\040\000U\000s\000u\000a\000r\000i\000o}{section*.3}% 6
\BOOKMARK [2][-]{section*.26}{\376\377\000R\000e\000s\000t\000r\000i\000c\000c\000i\000o\000n\000e\000s}{section*.3}% 7
\BOOKMARK [2][-]{section*.27}{\376\377\000D\000i\000a\000g\000r\000a\000m\000a\000s\000\040\000d\000e\000\040\000C\000l\000a\000s\000e}{section*.3}% 8
\BOOKMARK [2][-]{section*.29}{\376\377\000D\000i\000a\000g\000r\000a\000m\000a\000s\000\040\000d\000e\000\040\000U\000s\000o}{section*.3}% 9
\BOOKMARK [1][-]{section*.31}{\376\377\000P\000r\000o\000c\000e\000s\000o}{}% 10
\BOOKMARK [2][-]{section*.32}{\376\377\000R\000e\000p\000o\000r\000t\000e\000\040\000S\000C\000R\000U\000M}{section*.31}% 11
\BOOKMARK [2][-]{section*.34}{\376\377\000E\000s\000t\000\341\000n\000d\000a\000r\000e\000s\000\040\000d\000e\000\040\000I\000n\000g\000e\000n\000i\000e\000r\000\355\000a\000\040\000U\000s\000a\000d\000o\000s}{section*.31}% 12
\BOOKMARK [2][-]{section*.35}{\376\377\000S\000e\000l\000e\000c\000c\000i\000\363\000n\000\040\000d\000e\000\040\000H\000e\000r\000r\000a\000m\000i\000e\000n\000t\000a\000s}{section*.31}% 13
\BOOKMARK [1][-]{section*.36}{\376\377\000S\000o\000l\000u\000c\000i\000\363\000n}{}% 14
\BOOKMARK [2][-]{section*.37}{\376\377\000A\000r\000q\000u\000i\000t\000e\000c\000t\000u\000r\000a\000\040\000d\000e\000\040\000l\000a\000\040\000S\000o\000l\000u\000c\000i\000\363\000n}{section*.36}% 15
\BOOKMARK [2][-]{section*.39}{\376\377\000R\000e\000s\000u\000l\000t\000a\000d\000o\000\040\000d\000e\000l\000\040\000D\000e\000s\000a\000r\000r\000o\000l\000l\000o}{section*.36}% 16
\BOOKMARK [1][-]{section*.44}{\376\377\000E\000v\000a\000l\000u\000a\000c\000i\000\363\000n}{}% 17
\BOOKMARK [2][-]{section*.45}{\376\377\000E\000v\000a\000l\000u\000a\000c\000i\000\363\000n\000\040\000F\000u\000n\000c\000i\000o\000n\000a\000l}{section*.44}% 18
\BOOKMARK [2][-]{section*.46}{\376\377\000E\000v\000a\000l\000u\000a\000c\000i\000\363\000n\000\040\000d\000e\000\040\000l\000a\000s\000\040\000R\000e\000s\000t\000r\000i\000c\000c\000i\000o\000n\000e\000s}{section*.44}% 19
\BOOKMARK [2][-]{section*.47}{\376\377\000E\000v\000a\000l\000u\000a\000c\000i\000\363\000n\000\040\000d\000e\000\040\000l\000a\000\040\000C\000a\000l\000i\000d\000a\000d}{section*.44}% 20
\BOOKMARK [1][-]{section*.48}{\376\377\000C\000o\000n\000c\000l\000u\000s\000i\000o\000n\000e\000s}{}% 21
\BOOKMARK [2][-]{section*.49}{\376\377\000T\000r\000a\000b\000a\000j\000o\000\040\000F\000u\000t\000u\000r\000o}{section*.48}% 22
\BOOKMARK [1][-]{section*.50}{\376\377\000R\000e\000f\000e\000r\000e\000n\000c\000i\000a\000s}{}% 23
